16:03:49,610 root INFO Contraseña maestra correcta.
16:03:49,610 root INFO Sesión iniciada.
16:03:53,501 root INFO Se seleccionó la opción 2.
16:04:00,947 root INFO Se obtuvo la contraseña de Twitter
16:08:39,508 root INFO Se seleccionó la opción 2.
16:08:47,933 root INFO Se obtuvo la contraseña de Twitter
16:08:55,923 root INFO Se seleccionó la opción 1.
16:09:00,576 root INFO Se creó la contraseña de 
16:09:06,827 root INFO Se seleccionó la opción 1.
16:09:18,224 root INFO Se creó la contraseña de 2
16:09:21,742 root INFO Se seleccionó la opción 2.
16:09:31,563 root INFO Se obtuvo la contraseña de Twitter
16:13:56,791 root INFO Se seleccionó la opción 2.
16:14:12,744 root WARNING No se encontraron aplicaciones con ese alias.
16:14:19,134 root INFO Se seleccionó la opción 1.
16:15:12,155 root INFO Se creó la contraseña de Twitter profesional
16:15:23,654 root INFO Se seleccionó la opción 1.
16:15:29,564 root INFO Se creó la contraseña de google
16:15:35,306 root INFO Se seleccionó la opción 2.
16:19:28,286 root INFO Se obtuvo la contraseña de Twitter
16:19:35,487 root INFO Se seleccionó la opción 2.
16:23:07,349 root INFO Se obtuvo la contraseña de google
16:23:21,417 root INFO Se seleccionó la opción 2.
16:23:25,487 root INFO Se obtuvo la contraseña de google
16:26:28,234 root INFO Se seleccionó la opción 2.
16:26:31,631 root INFO Se obtuvo la contraseña de Twitter
16:30:26,377 root INFO Se seleccionó la opción 3.
16:32:24,377 root INFO Se actualizó la contraseña de Twitter
16:32:43,448 root INFO Se seleccionó la opción 3.
16:35:59,413 root INFO Se actualizó la contraseña de Twitter
16:39:37,294 root INFO Se seleccionó la opción 3.
16:39:41,833 root INFO Se actualizó la contraseña de google
16:40:28,631 root INFO Se seleccionó la opción 2.
16:40:31,756 root INFO Se obtuvo la contraseña de Twitter
16:51:59,783 root INFO Se ejecuto Ctrl+C para salir del programa.
