17:56:38,727 root INFO Contraseña maestra creada.
17:56:38,728 root INFO Sesión iniciada.
17:59:45,681 root INFO Se seleccionó la opción 1.
17:59:59,598 root INFO Se creó la contraseña de Mundo Gaturro
18:02:13,897 root INFO Se seleccionó la opción 2.
18:02:27,102 root INFO Se obtuvo la contraseña de Mundo Gaturro
18:02:39,74 root INFO Se seleccionó la opción 1.
18:02:49,768 root INFO Se creó la contraseña de Club Penguin
18:02:51,567 root INFO Se seleccionó la opción 1.
18:03:00,426 root INFO Se creó la contraseña de Habbo Hotel
18:03:04,291 root INFO Se seleccionó la opción 1.
18:03:25,533 root INFO Se creó la contraseña de Minecraft
18:03:36,946 root INFO Se seleccionó la opción 1.
18:03:51,326 root INFO Se creó la contraseña de LOL}
18:03:56,831 root INFO Se seleccionó la opción 2.
18:05:03,373 root INFO Se obtuvo la contraseña de Minecraft
18:06:51,803 root INFO Se seleccionó la opción 3.
18:08:34,357 root INFO Se actualizó la contraseña de Minecraft
18:08:44,802 root INFO Se seleccionó la opción 4.
18:09:31,909 root INFO Se eliminó la contraseña de Minecraft
18:11:06,201 root INFO Se ha solicitado generar una contraseña segura de longitud 12.
18:11:11,801 root INFO Se genero una contraseña segura.
